# JRE version: Java(TM) SE Runtime Environment (17.0.12+8) (build 17.0.12+8-LTS-286)
# Java VM: Java HotSpot(TM) 64-Bit Server VM (17.0.12+8-LTS-286, mixed mode, sharing, tiered, compressed oops, compressed class ptrs, g1 gc, windows-amd64)
GC Precious Log:
 CPUs: 8 total, 8 available
 Memory: 7379M
 Large Page Support: Disabled
 NUMA Support: Disabled
 Compressed Oops: Enabled (32-bit)
 Heap Region Size: 1M
 Heap Min Capacity: 8M
 Heap Initial Capacity: 116M
 Heap Max Capacity: 2G
 Pre-touch: Disabled
 Parallel Workers: 8
 Concurrent Workers: 2
 Concurrent Refinement Workers: 8
 Periodic GC: Disabled
Heap:
 garbage-first heap   total 317440K, used 287213K [0x0000000080000000, 0x0000000100000000)
  region size 1024K, 2 young (2048K), 2 survivors (2048K)
 Metaspace       used 135371K, committed 137280K, reserved 557056K
  class space    used 18033K, committed 18944K, reserved 425984K
GC Heap History (20 events):
Event: 5591.701 GC heap after
{Heap after GC invocations=109 (full 0):
 garbage-first heap   total 317440K, used 262968K [0x0000000080000000, 0x0000000100000000)
  region size 1024K, 3 young (3072K), 3 survivors (3072K)
 Metaspace       used 135081K, committed 137024K, reserved 557056K
  class space    used 18021K, committed 18944K, reserved 425984K
}
Event: 5592.472 GC heap before
{Heap before GC invocations=109 (full 0):
 garbage-first heap   total 317440K, used 278328K [0x0000000080000000, 0x0000000100000000)
  region size 1024K, 19 young (19456K), 3 survivors (3072K)
 Metaspace       used 135103K, committed 137024K, reserved 557056K
  class space    used 18022K, committed 18944K, reserved 425984K
}
Event: 5592.490 GC heap after
{Heap after GC invocations=110 (full 0):
 garbage-first heap   total 317440K, used 265184K [0x0000000080000000, 0x0000000100000000)
  region size 1024K, 3 young (3072K), 3 survivors (3072K)
 Metaspace       used 135103K, committed 137024K, reserved 557056K
  class space    used 18022K, committed 18944K, reserved 425984K
}
Event: 5593.256 GC heap before
{Heap before GC invocations=110 (full 0):
 garbage-first heap   total 317440K, used 279520K [0x0000000080000000, 0x0000000100000000)
  region size 1024K, 17 young (17408K), 3 survivors (3072K)
 Metaspace       used 135133K, committed 137024K, reserved 557056K
  class space    used 18026K, committed 18944K, reserved 425984K
}
Event: 5593.267 GC heap after
{Heap after GC invocations=111 (full 0):
 garbage-first heap   total 317440K, used 266681K [0x0000000080000000, 0x0000000100000000)
  region size 1024K, 2 young (2048K), 2 survivors (2048K)
 Metaspace       used 135133K, committed 137024K, reserved 557056K
  class space    used 18026K, committed 18944K, reserved 425984K
}
Event: 5594.146 GC heap before
{Heap before GC invocations=111 (full 0):
 garbage-first heap   total 317440K, used 278969K [0x0000000080000000, 0x0000000100000000)
  region size 1024K, 15 young (15360K), 2 survivors (2048K)
 Metaspace       used 135182K, committed 137088K, reserved 557056K
  class space    used 18029K, committed 18944K, reserved 425984K
}
Event: 5594.154 GC heap after
{Heap after GC invocations=112 (full 0):
 garbage-first heap   total 317440K, used 268597K [0x0000000080000000, 0x0000000100000000)
  region size 1024K, 2 young (2048K), 2 survivors (2048K)
 Metaspace       used 135182K, committed 137088K, reserved 557056K
  class space    used 18029K, committed 18944K, reserved 425984K
}
Event: 5594.716 GC heap before
{Heap before GC invocations=112 (full 0):
 garbage-first heap   total 317440K, used 281909K [0x0000000080000000, 0x0000000100000000)
  region size 1024K, 15 young (15360K), 2 survivors (2048K)
 Metaspace       used 135210K, committed 137088K, reserved 557056K
  class space    used 18030K, committed 18944K, reserved 425984K
}
Event: 5594.737 GC heap after
{Heap after GC invocations=113 (full 0):
 garbage-first heap   total 317440K, used 272422K [0x0000000080000000, 0x0000000100000000)
  region size 1024K, 2 young (2048K), 2 survivors (2048K)
 Metaspace       used 135210K, committed 137088K, reserved 557056K
  class space    used 18030K, committed 18944K, reserved 425984K
}
Event: 5594.950 GC heap before
{Heap before GC invocations=113 (full 0):
 garbage-first heap   total 317440K, used 285734K [0x0000000080000000, 0x0000000100000000)
  region size 1024K, 15 young (15360K), 2 survivors (2048K)
 Metaspace       used 135214K, committed 137088K, reserved 557056K
  class space    used 18030K, committed 18944K, reserved 425984K
}
Event: 5594.960 GC heap after
{Heap after GC invocations=114 (full 0):
 garbage-first heap   total 317440K, used 273739K [0x0000000080000000, 0x0000000100000000)
  region size 1024K, 1 young (1024K), 1 survivors (1024K)
 Metaspace       used 135214K, committed 137088K, reserved 557056K
  class space    used 18030K, committed 18944K, reserved 425984K
}
Event: 5595.559 GC heap before
{Heap before GC invocations=114 (full 0):
 garbage-first heap   total 317440K, used 288075K [0x0000000080000000, 0x0000000100000000)
  region size 1024K, 15 young (15360K), 1 survivors (1024K)
 Metaspace       used 135269K, committed 137152K, reserved 557056K
  class space    used 18031K, committed 18944K, reserved 425984K
}
Event: 5595.572 GC heap after
{Heap after GC invocations=115 (full 0):
 garbage-first heap   total 317440K, used 277211K [0x0000000080000000, 0x0000000100000000)
  region size 1024K, 2 young (2048K), 2 survivors (2048K)
 Metaspace       used 135269K, committed 137152K, reserved 557056K
  class space    used 18031K, committed 18944K, reserved 425984K
}
Event: 5595.842 GC heap before
{Heap before GC invocations=115 (full 0):
 garbage-first heap   total 317440K, used 289499K [0x0000000080000000, 0x0000000100000000)
  region size 1024K, 15 young (15360K), 2 survivors (2048K)
 Metaspace       used 135269K, committed 137152K, reserved 557056K
  class space    used 18031K, committed 18944K, reserved 425984K
}
Event: 5595.852 GC heap after
{Heap after GC invocations=116 (full 0):
 garbage-first heap   total 317440K, used 278928K [0x0000000080000000, 0x0000000100000000)
  region size 1024K, 2 young (2048K), 2 survivors (2048K)
 Metaspace       used 135269K, committed 137152K, reserved 557056K
  class space    used 18031K, committed 18944K, reserved 425984K
}
Event: 5596.314 GC heap before
{Heap before GC invocations=116 (full 0):
 garbage-first heap   total 317440K, used 291216K [0x0000000080000000, 0x0000000100000000)
  region size 1024K, 15 young (15360K), 2 survivors (2048K)
 Metaspace       used 135290K, committed 137152K, reserved 557056K
  class space    used 18031K, committed 18944K, reserved 425984K
}
Event: 5596.321 GC heap after
{Heap after GC invocations=117 (full 0):
 garbage-first heap   total 317440K, used 281086K [0x0000000080000000, 0x0000000100000000)
  region size 1024K, 2 young (2048K), 2 survivors (2048K)
 Metaspace       used 135290K, committed 137152K, reserved 557056K
  class space    used 18031K, committed 18944K, reserved 425984K
}
Event: 5597.263 GC heap before
{Heap before GC invocations=117 (full 0):
 garbage-first heap   total 317440K, used 294398K [0x0000000080000000, 0x0000000100000000)
  region size 1024K, 15 young (15360K), 2 survivors (2048K)
 Metaspace       used 135358K, committed 137280K, reserved 557056K
  class space    used 18033K, committed 18944K, reserved 425984K
}
Event: 5597.320 GC heap after
{Heap after GC invocations=118 (full 0):
 garbage-first heap   total 317440K, used 284149K [0x0000000080000000, 0x0000000100000000)
  region size 1024K, 2 young (2048K), 2 survivors (2048K)
 Metaspace       used 135358K, committed 137280K, reserved 557056K
  class space    used 18033K, committed 18944K, reserved 425984K
}
Event: 5597.839 GC heap before
{Heap before GC invocations=118 (full 0):
 garbage-first heap   total 317440K, used 297461K [0x0000000080000000, 0x0000000100000000)
  region size 1024K, 15 young (15360K), 2 survivors (2048K)
 Metaspace       used 135371K, committed 137280K, reserved 557056K
  class space    used 18033K, committed 18944K, reserved 425984K
}

