# JRE version: Java(TM) SE Runtime Environment (17.0.12+8) (build 17.0.12+8-LTS-286)
# Java VM: Java HotSpot(TM) 64-Bit Server VM (17.0.12+8-LTS-286, mixed mode, sharing, tiered, compressed oops, compressed class ptrs, g1 gc, windows-amd64)
GC Precious Log:
 CPUs: 8 total, 8 available
 Memory: 7379M
 Large Page Support: Disabled
 NUMA Support: Disabled
 Compressed Oops: Enabled (32-bit)
 Heap Region Size: 1M
 Heap Min Capacity: 8M
 Heap Initial Capacity: 116M
 Heap Max Capacity: 1G
 Pre-touch: Disabled
 Parallel Workers: 8
 Concurrent Workers: 2
 Concurrent Refinement Workers: 8
 Periodic GC: Disabled
Heap:
 garbage-first heap   total 187392K, used 139440K [0x00000000c0000000, 0x0000000100000000)
  region size 1024K, 8 young (8192K), 1 survivors (1024K)
 Metaspace       used 103625K, committed 104640K, reserved 344064K
  class space    used 14384K, committed 14912K, reserved 212992K
GC Heap History (20 events):
Event: 33.620 GC heap before
{Heap before GC invocations=60 (full 0):
 garbage-first heap   total 155648K, used 136120K [0x00000000c0000000, 0x0000000100000000)
  region size 1024K, 17 young (17408K), 2 survivors (2048K)
 Metaspace       used 101778K, committed 102784K, reserved 344064K
  class space    used 14118K, committed 14592K, reserved 212992K
}
Event: 33.623 GC heap after
{Heap after GC invocations=61 (full 0):
 garbage-first heap   total 155648K, used 121876K [0x00000000c0000000, 0x0000000100000000)
  region size 1024K, 3 young (3072K), 3 survivors (3072K)
 Metaspace       used 101778K, committed 102784K, reserved 344064K
  class space    used 14118K, committed 14592K, reserved 212992K
}
Event: 33.869 GC heap before
{Heap before GC invocations=61 (full 0):
 garbage-first heap   total 155648K, used 134164K [0x00000000c0000000, 0x0000000100000000)
  region size 1024K, 16 young (16384K), 3 survivors (3072K)
 Metaspace       used 102412K, committed 103488K, reserved 344064K
  class space    used 14196K, committed 14720K, reserved 212992K
}
Event: 33.873 GC heap after
{Heap after GC invocations=62 (full 0):
 garbage-first heap   total 155648K, used 123438K [0x00000000c0000000, 0x0000000100000000)
  region size 1024K, 2 young (2048K), 2 survivors (2048K)
 Metaspace       used 102412K, committed 103488K, reserved 344064K
  class space    used 14196K, committed 14720K, reserved 212992K
}
Event: 33.977 GC heap before
{Heap before GC invocations=62 (full 0):
 garbage-first heap   total 155648K, used 135726K [0x00000000c0000000, 0x0000000100000000)
  region size 1024K, 14 young (14336K), 2 survivors (2048K)
 Metaspace       used 102497K, committed 103552K, reserved 344064K
  class space    used 14208K, committed 14720K, reserved 212992K
}
Event: 33.980 GC heap after
{Heap after GC invocations=63 (full 0):
 garbage-first heap   total 155648K, used 124980K [0x00000000c0000000, 0x0000000100000000)
  region size 1024K, 2 young (2048K), 2 survivors (2048K)
 Metaspace       used 102497K, committed 103552K, reserved 344064K
  class space    used 14208K, committed 14720K, reserved 212992K
}
Event: 34.158 GC heap before
{Heap before GC invocations=63 (full 0):
 garbage-first heap   total 155648K, used 135220K [0x00000000c0000000, 0x0000000100000000)
  region size 1024K, 12 young (12288K), 2 survivors (2048K)
 Metaspace       used 103111K, committed 104192K, reserved 344064K
  class space    used 14326K, committed 14848K, reserved 212992K
}
Event: 34.160 GC heap after
{Heap after GC invocations=64 (full 0):
 garbage-first heap   total 155648K, used 125685K [0x00000000c0000000, 0x0000000100000000)
  region size 1024K, 1 young (1024K), 1 survivors (1024K)
 Metaspace       used 103111K, committed 104192K, reserved 344064K
  class space    used 14326K, committed 14848K, reserved 212992K
}
Event: 34.416 GC heap before
{Heap before GC invocations=64 (full 0):
 garbage-first heap   total 155648K, used 135925K [0x00000000c0000000, 0x0000000100000000)
  region size 1024K, 11 young (11264K), 1 survivors (1024K)
 Metaspace       used 103472K, committed 104512K, reserved 344064K
  class space    used 14383K, committed 14912K, reserved 212992K
}
Event: 34.419 GC heap after
{Heap after GC invocations=65 (full 0):
 garbage-first heap   total 155648K, used 127506K [0x00000000c0000000, 0x0000000100000000)
  region size 1024K, 2 young (2048K), 2 survivors (2048K)
 Metaspace       used 103472K, committed 104512K, reserved 344064K
  class space    used 14383K, committed 14912K, reserved 212992K
}
Event: 34.596 GC heap before
{Heap before GC invocations=65 (full 0):
 garbage-first heap   total 155648K, used 134674K [0x00000000c0000000, 0x0000000100000000)
  region size 1024K, 10 young (10240K), 2 survivors (2048K)
 Metaspace       used 103601K, committed 104640K, reserved 344064K
  class space    used 14383K, committed 14912K, reserved 212992K
}
Event: 34.600 GC heap after
{Heap after GC invocations=66 (full 0):
 garbage-first heap   total 155648K, used 128973K [0x00000000c0000000, 0x0000000100000000)
  region size 1024K, 2 young (2048K), 2 survivors (2048K)
 Metaspace       used 103601K, committed 104640K, reserved 344064K
  class space    used 14383K, committed 14912K, reserved 212992K
}
Event: 34.671 GC heap before
{Heap before GC invocations=66 (full 0):
 garbage-first heap   total 155648K, used 134093K [0x00000000c0000000, 0x0000000100000000)
  region size 1024K, 8 young (8192K), 2 survivors (2048K)
 Metaspace       used 103607K, committed 104640K, reserved 344064K
  class space    used 14384K, committed 14912K, reserved 212992K
}
Event: 34.674 GC heap after
{Heap after GC invocations=67 (full 0):
 garbage-first heap   total 155648K, used 130677K [0x00000000c0000000, 0x0000000100000000)
  region size 1024K, 1 young (1024K), 1 survivors (1024K)
 Metaspace       used 103607K, committed 104640K, reserved 344064K
  class space    used 14384K, committed 14912K, reserved 212992K
}
Event: 34.724 GC heap before
{Heap before GC invocations=67 (full 0):
 garbage-first heap   total 155648K, used 135797K [0x00000000c0000000, 0x0000000100000000)
  region size 1024K, 7 young (7168K), 1 survivors (1024K)
 Metaspace       used 103610K, committed 104640K, reserved 344064K
  class space    used 14384K, committed 14912K, reserved 212992K
}
Event: 34.726 GC heap after
{Heap after GC invocations=68 (full 0):
 garbage-first heap   total 155648K, used 131868K [0x00000000c0000000, 0x0000000100000000)
  region size 1024K, 1 young (1024K), 1 survivors (1024K)
 Metaspace       used 103610K, committed 104640K, reserved 344064K
  class space    used 14384K, committed 14912K, reserved 212992K
}
Event: 34.774 GC heap before
{Heap before GC invocations=68 (full 0):
 garbage-first heap   total 155648K, used 136988K [0x00000000c0000000, 0x0000000100000000)
  region size 1024K, 7 young (7168K), 1 survivors (1024K)
 Metaspace       used 103618K, committed 104640K, reserved 344064K
  class space    used 14384K, committed 14912K, reserved 212992K
}
Event: 34.776 GC heap after
{Heap after GC invocations=69 (full 0):
 garbage-first heap   total 155648K, used 133103K [0x00000000c0000000, 0x0000000100000000)
  region size 1024K, 1 young (1024K), 1 survivors (1024K)
 Metaspace       used 103618K, committed 104640K, reserved 344064K
  class space    used 14384K, committed 14912K, reserved 212992K
}
Event: 34.810 GC heap before
{Heap before GC invocations=69 (full 0):
 garbage-first heap   total 155648K, used 138223K [0x00000000c0000000, 0x0000000100000000)
  region size 1024K, 7 young (7168K), 1 survivors (1024K)
 Metaspace       used 103618K, committed 104640K, reserved 344064K
  class space    used 14384K, committed 14912K, reserved 212992K
}
Event: 35.812 GC heap after
{Heap after GC invocations=70 (full 0):
 garbage-first heap   total 187392K, used 134320K [0x00000000c0000000, 0x0000000100000000)
  region size 1024K, 1 young (1024K), 1 survivors (1024K)
 Metaspace       used 103618K, committed 104640K, reserved 344064K
  class space    used 14384K, committed 14912K, reserved 212992K
}

