# JRE version: Java(TM) SE Runtime Environment (17.0.12+8) (build 17.0.12+8-LTS-286)
# Java VM: Java HotSpot(TM) 64-Bit Server VM (17.0.12+8-LTS-286, mixed mode, sharing, tiered, compressed oops, compressed class ptrs, g1 gc, windows-amd64)
GC Precious Log:
 CPUs: 8 total, 8 available
 Memory: 7379M
 Large Page Support: Disabled
 NUMA Support: Disabled
 Compressed Oops: Enabled (32-bit)
 Heap Region Size: 1M
 Heap Min Capacity: 8M
 Heap Initial Capacity: 116M
 Heap Max Capacity: 1G
 Pre-touch: Disabled
 Parallel Workers: 8
 Concurrent Workers: 2
 Concurrent Refinement Workers: 8
 Periodic GC: Disabled
Heap:
 garbage-first heap   total 202752K, used 110253K [0x00000000c0000000, 0x0000000100000000)
  region size 1024K, 16 young (16384K), 8 survivors (8192K)
 Metaspace       used 83810K, committed 84736K, reserved 344064K
  class space    used 11566K, committed 12032K, reserved 212992K
GC Heap History (20 events):
Event: 13.265 GC heap before
{Heap before GC invocations=28 (full 0):
 garbage-first heap   total 102400K, used 84575K [0x00000000c0000000, 0x0000000100000000)
  region size 1024K, 24 young (24576K), 1 survivors (1024K)
 Metaspace       used 63944K, committed 64640K, reserved 278528K
  class space    used 9087K, committed 9408K, reserved 212992K
}
Event: 13.267 GC heap after
{Heap after GC invocations=29 (full 0):
 garbage-first heap   total 102400K, used 61810K [0x00000000c0000000, 0x0000000100000000)
  region size 1024K, 2 young (2048K), 2 survivors (2048K)
 Metaspace       used 63944K, committed 64640K, reserved 278528K
  class space    used 9087K, committed 9408K, reserved 212992K
}
Event: 13.585 GC heap before
{Heap before GC invocations=30 (full 0):
 garbage-first heap   total 109568K, used 84338K [0x00000000c0000000, 0x0000000100000000)
  region size 1024K, 24 young (24576K), 2 survivors (2048K)
 Metaspace       used 64661K, committed 65344K, reserved 278528K
  class space    used 9186K, committed 9472K, reserved 212992K
}
Event: 13.589 GC heap after
{Heap after GC invocations=31 (full 0):
 garbage-first heap   total 109568K, used 64496K [0x00000000c0000000, 0x0000000100000000)
  region size 1024K, 3 young (3072K), 3 survivors (3072K)
 Metaspace       used 64661K, committed 65344K, reserved 278528K
  class space    used 9186K, committed 9472K, reserved 212992K
}
Event: 13.651 GC heap before
{Heap before GC invocations=31 (full 0):
 garbage-first heap   total 109568K, used 66544K [0x00000000c0000000, 0x0000000100000000)
  region size 1024K, 5 young (5120K), 3 survivors (3072K)
 Metaspace       used 64779K, committed 65408K, reserved 278528K
  class space    used 9197K, committed 9472K, reserved 212992K
}
Event: 13.654 GC heap after
{Heap after GC invocations=32 (full 0):
 garbage-first heap   total 109568K, used 64549K [0x00000000c0000000, 0x0000000100000000)
  region size 1024K, 1 young (1024K), 1 survivors (1024K)
 Metaspace       used 64779K, committed 65408K, reserved 278528K
  class space    used 9197K, committed 9472K, reserved 212992K
}
Event: 14.165 GC heap before
{Heap before GC invocations=32 (full 0):
 garbage-first heap   total 109568K, used 89125K [0x00000000c0000000, 0x0000000100000000)
  region size 1024K, 26 young (26624K), 1 survivors (1024K)
 Metaspace       used 65411K, committed 66112K, reserved 278528K
  class space    used 9264K, committed 9600K, reserved 212992K
}
Event: 14.168 GC heap after
{Heap after GC invocations=33 (full 0):
 garbage-first heap   total 202752K, used 67768K [0x00000000c0000000, 0x0000000100000000)
  region size 1024K, 4 young (4096K), 4 survivors (4096K)
 Metaspace       used 65411K, committed 66112K, reserved 278528K
  class space    used 9264K, committed 9600K, reserved 212992K
}
Event: 15.527 GC heap before
{Heap before GC invocations=33 (full 0):
 garbage-first heap   total 202752K, used 145592K [0x00000000c0000000, 0x0000000100000000)
  region size 1024K, 80 young (81920K), 4 survivors (4096K)
 Metaspace       used 70806K, committed 71616K, reserved 278528K
  class space    used 10100K, committed 10496K, reserved 212992K
}
Event: 15.537 GC heap after
{Heap after GC invocations=34 (full 0):
 garbage-first heap   total 202752K, used 73163K [0x00000000c0000000, 0x0000000100000000)
  region size 1024K, 10 young (10240K), 10 survivors (10240K)
 Metaspace       used 70806K, committed 71616K, reserved 278528K
  class space    used 10100K, committed 10496K, reserved 212992K
}
Event: 17.064 GC heap before
{Heap before GC invocations=34 (full 0):
 garbage-first heap   total 202752K, used 149963K [0x00000000c0000000, 0x0000000100000000)
  region size 1024K, 86 young (88064K), 10 survivors (10240K)
 Metaspace       used 73201K, committed 74112K, reserved 278528K
  class space    used 10366K, committed 10816K, reserved 212992K
}
Event: 17.075 GC heap after
{Heap after GC invocations=35 (full 0):
 garbage-first heap   total 202752K, used 80198K [0x00000000c0000000, 0x0000000100000000)
  region size 1024K, 10 young (10240K), 10 survivors (10240K)
 Metaspace       used 73201K, committed 74112K, reserved 278528K
  class space    used 10366K, committed 10816K, reserved 212992K
}
Event: 17.458 GC heap before
{Heap before GC invocations=35 (full 0):
 garbage-first heap   total 202752K, used 151878K [0x00000000c0000000, 0x0000000100000000)
  region size 1024K, 81 young (82944K), 10 survivors (10240K)
 Metaspace       used 73371K, committed 74240K, reserved 278528K
  class space    used 10370K, committed 10816K, reserved 212992K
}
Event: 17.463 GC heap after
{Heap after GC invocations=36 (full 0):
 garbage-first heap   total 202752K, used 81971K [0x00000000c0000000, 0x0000000100000000)
  region size 1024K, 5 young (5120K), 5 survivors (5120K)
 Metaspace       used 73371K, committed 74240K, reserved 278528K
  class space    used 10370K, committed 10816K, reserved 212992K
}
Event: 17.994 GC heap before
{Heap before GC invocations=36 (full 0):
 garbage-first heap   total 202752K, used 161843K [0x00000000c0000000, 0x0000000100000000)
  region size 1024K, 79 young (80896K), 5 survivors (5120K)
 Metaspace       used 73439K, committed 74304K, reserved 278528K
  class space    used 10380K, committed 10816K, reserved 212992K
}
Event: 18.000 GC heap after
{Heap after GC invocations=37 (full 0):
 garbage-first heap   total 202752K, used 92154K [0x00000000c0000000, 0x0000000100000000)
  region size 1024K, 10 young (10240K), 10 survivors (10240K)
 Metaspace       used 73439K, committed 74304K, reserved 278528K
  class space    used 10380K, committed 10816K, reserved 212992K
}
Event: 18.840 GC heap before
{Heap before GC invocations=37 (full 0):
 garbage-first heap   total 202752K, used 159738K [0x00000000c0000000, 0x0000000100000000)
  region size 1024K, 75 young (76800K), 10 survivors (10240K)
 Metaspace       used 78773K, committed 79744K, reserved 344064K
  class space    used 10937K, committed 11392K, reserved 212992K
}
Event: 18.845 GC heap after
{Heap after GC invocations=38 (full 0):
 garbage-first heap   total 202752K, used 97107K [0x00000000c0000000, 0x0000000100000000)
  region size 1024K, 4 young (4096K), 4 survivors (4096K)
 Metaspace       used 78773K, committed 79744K, reserved 344064K
  class space    used 10937K, committed 11392K, reserved 212992K
}
Event: 19.700 GC heap before
{Heap before GC invocations=38 (full 0):
 garbage-first heap   total 202752K, used 166739K [0x00000000c0000000, 0x0000000100000000)
  region size 1024K, 67 young (68608K), 4 survivors (4096K)
 Metaspace       used 83306K, committed 84224K, reserved 344064K
  class space    used 11502K, committed 11968K, reserved 212992K
}
Event: 19.705 GC heap after
{Heap after GC invocations=39 (full 0):
 garbage-first heap   total 202752K, used 103085K [0x00000000c0000000, 0x0000000100000000)
  region size 1024K, 8 young (8192K), 8 survivors (8192K)
 Metaspace       used 83306K, committed 84224K, reserved 344064K
  class space    used 11502K, committed 11968K, reserved 212992K
}

