# JRE version: Java(TM) SE Runtime Environment (17.0.12+8) (build 17.0.12+8-LTS-286)
# Java VM: Java HotSpot(TM) 64-Bit Server VM (17.0.12+8-LTS-286, mixed mode, sharing, tiered, compressed oops, compressed class ptrs, g1 gc, windows-amd64)
GC Precious Log:
 CPUs: 8 total, 8 available
 Memory: 7379M
 Large Page Support: Disabled
 NUMA Support: Disabled
 Compressed Oops: Enabled (32-bit)
 Heap Region Size: 1M
 Heap Min Capacity: 8M
 Heap Initial Capacity: 116M
 Heap Max Capacity: 1G
 Pre-touch: Disabled
 Parallel Workers: 8
 Concurrent Workers: 2
 Concurrent Refinement Workers: 8
 Periodic GC: Disabled
Heap:
 garbage-first heap   total 273408K, used 227934K [0x00000000c0000000, 0x0000000100000000)
  region size 1024K, 22 young (22528K), 3 survivors (3072K)
 Metaspace       used 119409K, committed 120768K, reserved 344064K
  class space    used 16305K, committed 16960K, reserved 212992K
GC Heap History (20 events):
Event: 41.060 GC heap before
{Heap before GC invocations=87 (full 0):
 garbage-first heap   total 273408K, used 232525K [0x00000000c0000000, 0x0000000100000000)
  region size 1024K, 39 young (39936K), 4 survivors (4096K)
 Metaspace       used 116522K, committed 117824K, reserved 344064K
  class space    used 15958K, committed 16576K, reserved 212992K
}
Event: 41.064 GC heap after
{Heap after GC invocations=88 (full 0):
 garbage-first heap   total 273408K, used 198649K [0x00000000c0000000, 0x0000000100000000)
  region size 1024K, 3 young (3072K), 3 survivors (3072K)
 Metaspace       used 116522K, committed 117824K, reserved 344064K
  class space    used 15958K, committed 16576K, reserved 212992K
}
Event: 41.443 GC heap before
{Heap before GC invocations=88 (full 0):
 garbage-first heap   total 273408K, used 234489K [0x00000000c0000000, 0x0000000100000000)
  region size 1024K, 39 young (39936K), 3 survivors (3072K)
 Metaspace       used 116679K, committed 117952K, reserved 344064K
  class space    used 15972K, committed 16576K, reserved 212992K
}
Event: 41.447 GC heap after
{Heap after GC invocations=89 (full 0):
 garbage-first heap   total 273408K, used 200246K [0x00000000c0000000, 0x0000000100000000)
  region size 1024K, 4 young (4096K), 4 survivors (4096K)
 Metaspace       used 116679K, committed 117952K, reserved 344064K
  class space    used 15972K, committed 16576K, reserved 212992K
}
Event: 41.786 GC heap before
{Heap before GC invocations=89 (full 0):
 garbage-first heap   total 273408K, used 234038K [0x00000000c0000000, 0x0000000100000000)
  region size 1024K, 38 young (38912K), 4 survivors (4096K)
 Metaspace       used 116794K, committed 118144K, reserved 344064K
  class space    used 15981K, committed 16640K, reserved 212992K
}
Event: 41.791 GC heap after
{Heap after GC invocations=90 (full 0):
 garbage-first heap   total 273408K, used 202104K [0x00000000c0000000, 0x0000000100000000)
  region size 1024K, 4 young (4096K), 4 survivors (4096K)
 Metaspace       used 116794K, committed 118144K, reserved 344064K
  class space    used 15981K, committed 16640K, reserved 212992K
}
Event: 42.014 GC heap before
{Heap before GC invocations=90 (full 0):
 garbage-first heap   total 273408K, used 233848K [0x00000000c0000000, 0x0000000100000000)
  region size 1024K, 36 young (36864K), 4 survivors (4096K)
 Metaspace       used 116853K, committed 118208K, reserved 344064K
  class space    used 15986K, committed 16640K, reserved 212992K
}
Event: 42.019 GC heap after
{Heap after GC invocations=91 (full 0):
 garbage-first heap   total 273408K, used 203535K [0x00000000c0000000, 0x0000000100000000)
  region size 1024K, 4 young (4096K), 4 survivors (4096K)
 Metaspace       used 116853K, committed 118208K, reserved 344064K
  class space    used 15986K, committed 16640K, reserved 212992K
}
Event: 42.158 GC heap before
{Heap before GC invocations=91 (full 0):
 garbage-first heap   total 273408K, used 234255K [0x00000000c0000000, 0x0000000100000000)
  region size 1024K, 35 young (35840K), 4 survivors (4096K)
 Metaspace       used 116853K, committed 118208K, reserved 344064K
  class space    used 15986K, committed 16640K, reserved 212992K
}
Event: 42.162 GC heap after
{Heap after GC invocations=92 (full 0):
 garbage-first heap   total 273408K, used 204317K [0x00000000c0000000, 0x0000000100000000)
  region size 1024K, 3 young (3072K), 3 survivors (3072K)
 Metaspace       used 116853K, committed 118208K, reserved 344064K
  class space    used 15986K, committed 16640K, reserved 212992K
}
Event: 42.315 GC heap before
{Heap before GC invocations=92 (full 0):
 garbage-first heap   total 273408K, used 235037K [0x00000000c0000000, 0x0000000100000000)
  region size 1024K, 34 young (34816K), 3 survivors (3072K)
 Metaspace       used 116874K, committed 118208K, reserved 344064K
  class space    used 15987K, committed 16640K, reserved 212992K
}
Event: 42.319 GC heap after
{Heap after GC invocations=93 (full 0):
 garbage-first heap   total 273408K, used 205295K [0x00000000c0000000, 0x0000000100000000)
  region size 1024K, 4 young (4096K), 4 survivors (4096K)
 Metaspace       used 116874K, committed 118208K, reserved 344064K
  class space    used 15987K, committed 16640K, reserved 212992K
}
Event: 42.412 GC heap before
{Heap before GC invocations=93 (full 0):
 garbage-first heap   total 273408K, used 234991K [0x00000000c0000000, 0x0000000100000000)
  region size 1024K, 34 young (34816K), 4 survivors (4096K)
 Metaspace       used 116880K, committed 118208K, reserved 344064K
  class space    used 15987K, committed 16640K, reserved 212992K
}
Event: 42.415 GC heap after
{Heap after GC invocations=94 (full 0):
 garbage-first heap   total 273408K, used 206054K [0x00000000c0000000, 0x0000000100000000)
  region size 1024K, 3 young (3072K), 3 survivors (3072K)
 Metaspace       used 116880K, committed 118208K, reserved 344064K
  class space    used 15987K, committed 16640K, reserved 212992K
}
Event: 42.721 GC heap before
{Heap before GC invocations=94 (full 0):
 garbage-first heap   total 273408K, used 235750K [0x00000000c0000000, 0x0000000100000000)
  region size 1024K, 33 young (33792K), 3 survivors (3072K)
 Metaspace       used 117464K, committed 118784K, reserved 344064K
  class space    used 16086K, committed 16704K, reserved 212992K
}
Event: 42.726 GC heap after
{Heap after GC invocations=95 (full 0):
 garbage-first heap   total 273408K, used 207612K [0x00000000c0000000, 0x0000000100000000)
  region size 1024K, 3 young (3072K), 3 survivors (3072K)
 Metaspace       used 117464K, committed 118784K, reserved 344064K
  class space    used 16086K, committed 16704K, reserved 212992K
}
Event: 43.135 GC heap before
{Heap before GC invocations=95 (full 0):
 garbage-first heap   total 273408K, used 235260K [0x00000000c0000000, 0x0000000100000000)
  region size 1024K, 31 young (31744K), 3 survivors (3072K)
 Metaspace       used 117805K, committed 119104K, reserved 344064K
  class space    used 16098K, committed 16704K, reserved 212992K
}
Event: 43.138 GC heap after
{Heap after GC invocations=96 (full 0):
 garbage-first heap   total 273408K, used 208436K [0x00000000c0000000, 0x0000000100000000)
  region size 1024K, 1 young (1024K), 1 survivors (1024K)
 Metaspace       used 117805K, committed 119104K, reserved 344064K
  class space    used 16098K, committed 16704K, reserved 212992K
}
Event: 44.016 GC heap before
{Heap before GC invocations=96 (full 0):
 garbage-first heap   total 273408K, used 237108K [0x00000000c0000000, 0x0000000100000000)
  region size 1024K, 30 young (30720K), 1 survivors (1024K)
 Metaspace       used 119275K, committed 120576K, reserved 344064K
  class space    used 16297K, committed 16960K, reserved 212992K
}
Event: 44.019 GC heap after
{Heap after GC invocations=97 (full 0):
 garbage-first heap   total 273408K, used 210526K [0x00000000c0000000, 0x0000000100000000)
  region size 1024K, 3 young (3072K), 3 survivors (3072K)
 Metaspace       used 119275K, committed 120576K, reserved 344064K
  class space    used 16297K, committed 16960K, reserved 212992K
}

