# JRE version: Java(TM) SE Runtime Environment (17.0.12+8) (build 17.0.12+8-LTS-286)
# Java VM: Java HotSpot(TM) 64-Bit Server VM (17.0.12+8-LTS-286, mixed mode, sharing, tiered, compressed oops, compressed class ptrs, g1 gc, windows-amd64)
GC Precious Log:
 CPUs: 8 total, 8 available
 Memory: 7379M
 Large Page Support: Disabled
 NUMA Support: Disabled
 Compressed Oops: Enabled (32-bit)
 Heap Region Size: 1M
 Heap Min Capacity: 8M
 Heap Initial Capacity: 116M
 Heap Max Capacity: 2G
 Pre-touch: Disabled
 Parallel Workers: 8
 Concurrent Workers: 2
 Concurrent Refinement Workers: 8
 Periodic GC: Disabled
Heap:
 garbage-first heap   total 406528K, used 306868K [0x0000000080000000, 0x0000000100000000)
  region size 1024K, 47 young (48128K), 7 survivors (7168K)
 Metaspace       used 137056K, committed 138560K, reserved 557056K
  class space    used 18161K, committed 18880K, reserved 425984K
GC Heap History (20 events):
Event: 56.905 GC heap before
{Heap before GC invocations=81 (full 0):
 garbage-first heap   total 331776K, used 279505K [0x0000000080000000, 0x0000000100000000)
  region size 1024K, 55 young (56320K), 11 survivors (11264K)
 Metaspace       used 123956K, committed 125248K, reserved 557056K
  class space    used 16713K, committed 17344K, reserved 425984K
}
Event: 56.918 GC heap after
{Heap after GC invocations=82 (full 0):
 garbage-first heap   total 331776K, used 237568K [0x0000000080000000, 0x0000000100000000)
  region size 1024K, 7 young (7168K), 7 survivors (7168K)
 Metaspace       used 123956K, committed 125248K, reserved 557056K
  class space    used 16713K, committed 17344K, reserved 425984K
}
Event: 58.107 GC heap before
{Heap before GC invocations=83 (full 0):
 garbage-first heap   total 406528K, used 291840K [0x0000000080000000, 0x0000000100000000)
  region size 1024K, 44 young (45056K), 7 survivors (7168K)
 Metaspace       used 124305K, committed 125696K, reserved 557056K
  class space    used 16744K, committed 17408K, reserved 425984K
}
Event: 58.116 GC heap after
{Heap after GC invocations=84 (full 0):
 garbage-first heap   total 406528K, used 242053K [0x0000000080000000, 0x0000000100000000)
  region size 1024K, 4 young (4096K), 4 survivors (4096K)
 Metaspace       used 124305K, committed 125696K, reserved 557056K
  class space    used 16744K, committed 17408K, reserved 425984K
}
Event: 58.177 GC heap before
{Heap before GC invocations=84 (full 0):
 garbage-first heap   total 406528K, used 256389K [0x0000000080000000, 0x0000000100000000)
  region size 1024K, 19 young (19456K), 4 survivors (4096K)
 Metaspace       used 124362K, committed 125760K, reserved 557056K
  class space    used 16749K, committed 17408K, reserved 425984K
}
Event: 58.187 GC heap after
{Heap after GC invocations=85 (full 0):
 garbage-first heap   total 406528K, used 241885K [0x0000000080000000, 0x0000000100000000)
  region size 1024K, 3 young (3072K), 3 survivors (3072K)
 Metaspace       used 124362K, committed 125760K, reserved 557056K
  class space    used 16749K, committed 17408K, reserved 425984K
}
Event: 58.761 GC heap before
{Heap before GC invocations=85 (full 0):
 garbage-first heap   total 406528K, used 318685K [0x0000000080000000, 0x0000000100000000)
  region size 1024K, 79 young (80896K), 3 survivors (3072K)
 Metaspace       used 127383K, committed 128768K, reserved 557056K
  class space    used 17029K, committed 17664K, reserved 425984K
}
Event: 58.769 GC heap after
{Heap after GC invocations=86 (full 0):
 garbage-first heap   total 406528K, used 248605K [0x0000000080000000, 0x0000000100000000)
  region size 1024K, 10 young (10240K), 10 survivors (10240K)
 Metaspace       used 127383K, committed 128768K, reserved 557056K
  class space    used 17029K, committed 17664K, reserved 425984K
}
Event: 59.291 GC heap before
{Heap before GC invocations=86 (full 0):
 garbage-first heap   total 406528K, used 324381K [0x0000000080000000, 0x0000000100000000)
  region size 1024K, 85 young (87040K), 10 survivors (10240K)
 Metaspace       used 128199K, committed 129600K, reserved 557056K
  class space    used 17096K, committed 17728K, reserved 425984K
}
Event: 59.296 GC heap after
{Heap after GC invocations=87 (full 0):
 garbage-first heap   total 406528K, used 243045K [0x0000000080000000, 0x0000000100000000)
  region size 1024K, 3 young (3072K), 3 survivors (3072K)
 Metaspace       used 128199K, committed 129600K, reserved 557056K
  class space    used 17096K, committed 17728K, reserved 425984K
}
Event: 60.951 GC heap before
{Heap before GC invocations=87 (full 0):
 garbage-first heap   total 406528K, used 329061K [0x0000000080000000, 0x0000000100000000)
  region size 1024K, 88 young (90112K), 3 survivors (3072K)
 Metaspace       used 129788K, committed 131136K, reserved 557056K
  class space    used 17267K, committed 17920K, reserved 425984K
}
Event: 60.957 GC heap after
{Heap after GC invocations=88 (full 0):
 garbage-first heap   total 406528K, used 247065K [0x0000000080000000, 0x0000000100000000)
  region size 1024K, 7 young (7168K), 7 survivors (7168K)
 Metaspace       used 129788K, committed 131136K, reserved 557056K
  class space    used 17267K, committed 17920K, reserved 425984K
}
Event: 62.019 GC heap before
{Heap before GC invocations=88 (full 0):
 garbage-first heap   total 406528K, used 333081K [0x0000000080000000, 0x0000000100000000)
  region size 1024K, 92 young (94208K), 7 survivors (7168K)
 Metaspace       used 130551K, committed 131904K, reserved 557056K
  class space    used 17352K, committed 17984K, reserved 425984K
}
Event: 62.028 GC heap after
{Heap after GC invocations=89 (full 0):
 garbage-first heap   total 406528K, used 250807K [0x0000000080000000, 0x0000000100000000)
  region size 1024K, 10 young (10240K), 10 survivors (10240K)
 Metaspace       used 130551K, committed 131904K, reserved 557056K
  class space    used 17352K, committed 17984K, reserved 425984K
}
Event: 63.239 GC heap before
{Heap before GC invocations=89 (full 0):
 garbage-first heap   total 406528K, used 336823K [0x0000000080000000, 0x0000000100000000)
  region size 1024K, 95 young (97280K), 10 survivors (10240K)
 Metaspace       used 131233K, committed 132672K, reserved 557056K
  class space    used 17447K, committed 18176K, reserved 425984K
}
Event: 63.254 GC heap after
{Heap after GC invocations=90 (full 0):
 garbage-first heap   total 406528K, used 254197K [0x0000000080000000, 0x0000000100000000)
  region size 1024K, 10 young (10240K), 10 survivors (10240K)
 Metaspace       used 131233K, committed 132672K, reserved 557056K
  class space    used 17447K, committed 18176K, reserved 425984K
}
Event: 66.157 GC heap before
{Heap before GC invocations=90 (full 0):
 garbage-first heap   total 406528K, used 338165K [0x0000000080000000, 0x0000000100000000)
  region size 1024K, 93 young (95232K), 10 survivors (10240K)
 Metaspace       used 133294K, committed 134784K, reserved 557056K
  class space    used 17687K, committed 18432K, reserved 425984K
}
Event: 66.168 GC heap after
{Heap after GC invocations=91 (full 0):
 garbage-first heap   total 406528K, used 259282K [0x0000000080000000, 0x0000000100000000)
  region size 1024K, 11 young (11264K), 11 survivors (11264K)
 Metaspace       used 133294K, committed 134784K, reserved 557056K
  class space    used 17687K, committed 18432K, reserved 425984K
}
Event: 78.091 GC heap before
{Heap before GC invocations=91 (full 0):
 garbage-first heap   total 406528K, used 340178K [0x0000000080000000, 0x0000000100000000)
  region size 1024K, 91 young (93184K), 11 survivors (11264K)
 Metaspace       used 136658K, committed 138176K, reserved 557056K
  class space    used 18106K, committed 18816K, reserved 425984K
}
Event: 78.103 GC heap after
{Heap after GC invocations=92 (full 0):
 garbage-first heap   total 406528K, used 261812K [0x0000000080000000, 0x0000000100000000)
  region size 1024K, 7 young (7168K), 7 survivors (7168K)
 Metaspace       used 136658K, committed 138176K, reserved 557056K
  class space    used 18106K, committed 18816K, reserved 425984K
}

